c:\users\darsh\desktop\a.n.d\a.n.d\a.n.d\debug\vc142.pdb
c:\users\darsh\desktop\a.n.d\a.n.d\a.n.d\debug\vc142.idb
c:\users\darsh\desktop\a.n.d\a.n.d\a.n.d\debug\frame_control.obj
c:\users\darsh\desktop\a.n.d\a.n.d\a.n.d\debug\sqlitewrapper.obj
c:\users\darsh\desktop\a.n.d\a.n.d\a.n.d\debug\main.obj
c:\users\darsh\desktop\a.n.d\a.n.d\debug\a.n.d.exe
c:\users\darsh\desktop\a.n.d\a.n.d\debug\a.n.d.ilk
c:\users\darsh\desktop\a.n.d\a.n.d\debug\a.n.d.pdb
c:\users\darsh\desktop\a.n.d\a.n.d\a.n.d\debug\a.n.d.tlog\cl.command.1.tlog
c:\users\darsh\desktop\a.n.d\a.n.d\a.n.d\debug\a.n.d.tlog\cl.read.1.tlog
c:\users\darsh\desktop\a.n.d\a.n.d\a.n.d\debug\a.n.d.tlog\cl.write.1.tlog
c:\users\darsh\desktop\a.n.d\a.n.d\a.n.d\debug\a.n.d.tlog\link-cvtres.read.1.tlog
c:\users\darsh\desktop\a.n.d\a.n.d\a.n.d\debug\a.n.d.tlog\link-cvtres.write.1.tlog
c:\users\darsh\desktop\a.n.d\a.n.d\a.n.d\debug\a.n.d.tlog\link-rc.read.1.tlog
c:\users\darsh\desktop\a.n.d\a.n.d\a.n.d\debug\a.n.d.tlog\link-rc.write.1.tlog
c:\users\darsh\desktop\a.n.d\a.n.d\a.n.d\debug\a.n.d.tlog\link.14792-cvtres.read.1.tlog
c:\users\darsh\desktop\a.n.d\a.n.d\a.n.d\debug\a.n.d.tlog\link.14792-cvtres.write.1.tlog
c:\users\darsh\desktop\a.n.d\a.n.d\a.n.d\debug\a.n.d.tlog\link.14792-rc.read.1.tlog
c:\users\darsh\desktop\a.n.d\a.n.d\a.n.d\debug\a.n.d.tlog\link.14792-rc.write.1.tlog
c:\users\darsh\desktop\a.n.d\a.n.d\a.n.d\debug\a.n.d.tlog\link.14792.read.1.tlog
c:\users\darsh\desktop\a.n.d\a.n.d\a.n.d\debug\a.n.d.tlog\link.14792.write.1.tlog
c:\users\darsh\desktop\a.n.d\a.n.d\a.n.d\debug\a.n.d.tlog\link.command.1.tlog
c:\users\darsh\desktop\a.n.d\a.n.d\a.n.d\debug\a.n.d.tlog\link.read.1.tlog
c:\users\darsh\desktop\a.n.d\a.n.d\a.n.d\debug\a.n.d.tlog\link.write.1.tlog
