  game_core.cpp
C:\Users\darsh\Desktop\A.N.D\A.N.D\A.N.D\Headers\game_strings.h(8,1): warning C4129: '/': unrecognized character escape sequence
C:\Users\darsh\Desktop\A.N.D\A.N.D\A.N.D\Headers\game_strings.h(9,1): warning C4129: '/': unrecognized character escape sequence
C:\Users\darsh\Desktop\A.N.D\A.N.D\A.N.D\Headers\game_strings.h(10,1): warning C4129: '_': unrecognized character escape sequence
C:\Users\darsh\Desktop\A.N.D\A.N.D\A.N.D\Headers\game_strings.h(10,1): warning C4129: '/': unrecognized character escape sequence
C:\Users\darsh\Desktop\A.N.D\A.N.D\A.N.D\Headers\game_strings.h(11,1): warning C4129: '~': unrecognized character escape sequence
C:\Users\darsh\Desktop\A.N.D\A.N.D\A.N.D\Headers\game_strings.h(31,1): warning C4129: '|': unrecognized character escape sequence
C:\Users\darsh\Desktop\A.N.D\A.N.D\A.N.D\Headers\game_strings.h(32,1): warning C4129: '|': unrecognized character escape sequence
C:\Users\darsh\Desktop\A.N.D\A.N.D\A.N.D\Headers\game_strings.h(33,1): warning C4129: '|': unrecognized character escape sequence
C:\Users\darsh\Desktop\A.N.D\A.N.D\A.N.D\Headers\game_strings.h(34,1): warning C4129: '|': unrecognized character escape sequence
C:\Users\darsh\Desktop\A.N.D\A.N.D\A.N.D\Headers\game_strings.h(35,1): warning C4129: '|': unrecognized character escape sequence
C:\Users\darsh\Desktop\A.N.D\A.N.D\A.N.D\Headers\game_strings.h(36,1): warning C4129: '|': unrecognized character escape sequence
C:\Users\darsh\Desktop\A.N.D\A.N.D\A.N.D\Headers\game_strings.h(37,1): warning C4129: '|': unrecognized character escape sequence
C:\Users\darsh\Desktop\A.N.D\A.N.D\A.N.D\Headers\game_strings.h(38,1): warning C4129: '|': unrecognized character escape sequence
C:\Users\darsh\Desktop\A.N.D\A.N.D\A.N.D\Headers\game_strings.h(39,1): warning C4129: '|': unrecognized character escape sequence
C:\Users\darsh\Desktop\A.N.D\A.N.D\A.N.D\Headers\game_strings.h(40,1): warning C4129: '|': unrecognized character escape sequence
C:\Users\darsh\Desktop\A.N.D\A.N.D\A.N.D\Headers\game_strings.h(41,1): warning C4129: '|': unrecognized character escape sequence
C:\Users\darsh\Desktop\A.N.D\A.N.D\A.N.D\Headers\game_strings.h(42,1): warning C4129: '|': unrecognized character escape sequence
C:\Users\darsh\Desktop\A.N.D\A.N.D\A.N.D\Headers\game_strings.h(43,1): warning C4129: '|': unrecognized character escape sequence
C:\Users\darsh\Desktop\A.N.D\A.N.D\A.N.D\Headers\game_strings.h(44,1): warning C4129: '|': unrecognized character escape sequence
C:\Users\darsh\Desktop\A.N.D\A.N.D\A.N.D\Headers\game_strings.h(45,1): warning C4129: '|': unrecognized character escape sequence
C:\Users\darsh\Desktop\A.N.D\A.N.D\A.N.D\Headers\game_strings.h(46,1): warning C4129: '|': unrecognized character escape sequence
C:\Users\darsh\Desktop\A.N.D\A.N.D\A.N.D\Headers\game_strings.h(47,1): warning C4129: '|': unrecognized character escape sequence
C:\Users\darsh\Desktop\A.N.D\A.N.D\A.N.D\Headers\game_strings.h(48,1): warning C4129: '|': unrecognized character escape sequence
C:\Users\darsh\Desktop\A.N.D\A.N.D\A.N.D\Headers\game_strings.h(49,1): warning C4129: '|': unrecognized character escape sequence
C:\Users\darsh\Desktop\A.N.D\A.N.D\A.N.D\Headers\game_strings.h(50,1): warning C4129: '|': unrecognized character escape sequence
C:\Users\darsh\Desktop\A.N.D\A.N.D\A.N.D\Headers\game_strings.h(51,1): warning C4129: '|': unrecognized character escape sequence
C:\Users\darsh\Desktop\A.N.D\A.N.D\A.N.D\Headers\game_strings.h(52,1): warning C4129: '|': unrecognized character escape sequence
C:\Users\darsh\Desktop\A.N.D\A.N.D\A.N.D\Headers\game_strings.h(53,1): warning C4129: '|': unrecognized character escape sequence
C:\Users\darsh\Desktop\A.N.D\A.N.D\A.N.D\Headers\game_strings.h(54,1): warning C4129: '|': unrecognized character escape sequence
C:\Users\darsh\Desktop\A.N.D\A.N.D\A.N.D\Headers\game_strings.h(55,1): warning C4129: '|': unrecognized character escape sequence
C:\Users\darsh\Desktop\A.N.D\A.N.D\A.N.D\Headers\game_strings.h(56,1): warning C4129: '|': unrecognized character escape sequence
C:\Users\darsh\Desktop\A.N.D\A.N.D\A.N.D\Headers\game_strings.h(57,1): warning C4129: '|': unrecognized character escape sequence
C:\Users\darsh\Desktop\A.N.D\A.N.D\A.N.D\Headers\game_strings.h(58,1): warning C4129: '|': unrecognized character escape sequence
C:\Users\darsh\Desktop\A.N.D\A.N.D\A.N.D\Headers\game_strings.h(59,1): warning C4129: '|': unrecognized character escape sequence
C:\Users\darsh\Desktop\A.N.D\A.N.D\A.N.D\Headers\game_strings.h(67,1): warning C4129: '|': unrecognized character escape sequence
C:\Users\darsh\Desktop\A.N.D\A.N.D\A.N.D\Headers\game_strings.h(68,1): warning C4129: '|': unrecognized character escape sequence
C:\Users\darsh\Desktop\A.N.D\A.N.D\A.N.D\Headers\game_strings.h(69,1): warning C4129: '|': unrecognized character escape sequence
C:\Users\darsh\Desktop\A.N.D\A.N.D\A.N.D\Headers\game_strings.h(70,1): warning C4129: '|': unrecognized character escape sequence
C:\Users\darsh\Desktop\A.N.D\A.N.D\A.N.D\Headers\game_strings.h(71,1): warning C4129: '|': unrecognized character escape sequence
C:\Users\darsh\Desktop\A.N.D\A.N.D\A.N.D\Headers\game_strings.h(72,1): warning C4129: '|': unrecognized character escape sequence
C:\Users\darsh\Desktop\A.N.D\A.N.D\A.N.D\Headers\game_strings.h(73,1): warning C4129: '|': unrecognized character escape sequence
C:\Users\darsh\Desktop\A.N.D\A.N.D\A.N.D\Headers\game_strings.h(74,1): warning C4129: '|': unrecognized character escape sequence
C:\Users\darsh\Desktop\A.N.D\A.N.D\A.N.D\Headers\game_strings.h(75,1): warning C4129: '|': unrecognized character escape sequence
C:\Users\darsh\Desktop\A.N.D\A.N.D\A.N.D\Headers\game_strings.h(76,1): warning C4129: '|': unrecognized character escape sequence
C:\Users\darsh\Desktop\A.N.D\A.N.D\A.N.D\Headers\game_strings.h(77,1): warning C4129: '|': unrecognized character escape sequence
C:\Users\darsh\Desktop\A.N.D\A.N.D\A.N.D\Headers\game_strings.h(78,1): warning C4129: '|': unrecognized character escape sequence
C:\Users\darsh\Desktop\A.N.D\A.N.D\A.N.D\Headers\game_strings.h(79,1): warning C4129: '|': unrecognized character escape sequence
C:\Users\darsh\Desktop\A.N.D\A.N.D\A.N.D\Headers\game_strings.h(80,1): warning C4129: '|': unrecognized character escape sequence
C:\Users\darsh\Desktop\A.N.D\A.N.D\A.N.D\Headers\game_strings.h(81,1): warning C4129: '|': unrecognized character escape sequence
C:\Users\darsh\Desktop\A.N.D\A.N.D\A.N.D\Headers\game_strings.h(82,1): warning C4129: '|': unrecognized character escape sequence
C:\Users\darsh\Desktop\A.N.D\A.N.D\A.N.D\Headers\game_strings.h(83,1): warning C4129: '|': unrecognized character escape sequence
C:\Users\darsh\Desktop\A.N.D\A.N.D\A.N.D\Headers\game_strings.h(84,1): warning C4129: '|': unrecognized character escape sequence
C:\Users\darsh\Desktop\A.N.D\A.N.D\A.N.D\Headers\game_strings.h(85,1): warning C4129: '|': unrecognized character escape sequence
C:\Users\darsh\Desktop\A.N.D\A.N.D\A.N.D\Headers\game_strings.h(86,1): warning C4129: '|': unrecognized character escape sequence
C:\Users\darsh\Desktop\A.N.D\A.N.D\A.N.D\Headers\game_strings.h(87,1): warning C4129: '|': unrecognized character escape sequence
C:\Users\darsh\Desktop\A.N.D\A.N.D\A.N.D\Headers\game_strings.h(88,1): warning C4129: '|': unrecognized character escape sequence
C:\Users\darsh\Desktop\A.N.D\A.N.D\A.N.D\Headers\game_strings.h(89,1): warning C4129: '|': unrecognized character escape sequence
C:\Users\darsh\Desktop\A.N.D\A.N.D\A.N.D\Headers\game_strings.h(90,1): warning C4129: '|': unrecognized character escape sequence
C:\Users\darsh\Desktop\A.N.D\A.N.D\A.N.D\Headers\game_strings.h(91,1): warning C4129: '|': unrecognized character escape sequence
C:\Users\darsh\Desktop\A.N.D\A.N.D\A.N.D\Headers\game_strings.h(92,1): warning C4129: '|': unrecognized character escape sequence
C:\Users\darsh\Desktop\A.N.D\A.N.D\A.N.D\Headers\game_strings.h(93,1): warning C4129: '|': unrecognized character escape sequence
C:\Users\darsh\Desktop\A.N.D\A.N.D\A.N.D\Headers\game_strings.h(94,1): warning C4129: '|': unrecognized character escape sequence
C:\Users\darsh\Desktop\A.N.D\A.N.D\A.N.D\Headers\game_strings.h(95,1): warning C4129: '|': unrecognized character escape sequence
C:\Users\darsh\Desktop\A.N.D\A.N.D\A.N.D\Headers\game_strings.h(96,1): warning C4129: '|': unrecognized character escape sequence
C:\Users\darsh\Desktop\A.N.D\A.N.D\A.N.D\Headers\game_strings.h(102,1): warning C4129: '|': unrecognized character escape sequence
C:\Users\darsh\Desktop\A.N.D\A.N.D\A.N.D\Headers\game_strings.h(103,1): warning C4129: '|': unrecognized character escape sequence
C:\Users\darsh\Desktop\A.N.D\A.N.D\A.N.D\Headers\game_strings.h(104,1): warning C4129: '|': unrecognized character escape sequence
C:\Users\darsh\Desktop\A.N.D\A.N.D\A.N.D\Headers\game_strings.h(105,1): warning C4129: '|': unrecognized character escape sequence
C:\Users\darsh\Desktop\A.N.D\A.N.D\A.N.D\Headers\game_strings.h(106,1): warning C4129: '|': unrecognized character escape sequence
C:\Users\darsh\Desktop\A.N.D\A.N.D\A.N.D\Headers\game_strings.h(107,1): warning C4129: '|': unrecognized character escape sequence
C:\Users\darsh\Desktop\A.N.D\A.N.D\A.N.D\Headers\game_strings.h(108,1): warning C4129: '|': unrecognized character escape sequence
C:\Users\darsh\Desktop\A.N.D\A.N.D\A.N.D\Headers\game_strings.h(109,1): warning C4129: '|': unrecognized character escape sequence
C:\Users\darsh\Desktop\A.N.D\A.N.D\A.N.D\Headers\game_strings.h(110,1): warning C4129: '|': unrecognized character escape sequence
C:\Users\darsh\Desktop\A.N.D\A.N.D\A.N.D\Headers\game_strings.h(111,1): warning C4129: '|': unrecognized character escape sequence
C:\Users\darsh\Desktop\A.N.D\A.N.D\A.N.D\Headers\game_strings.h(112,1): warning C4129: '|': unrecognized character escape sequence
C:\Users\darsh\Desktop\A.N.D\A.N.D\A.N.D\Headers\game_strings.h(113,1): warning C4129: '|': unrecognized character escape sequence
C:\Users\darsh\Desktop\A.N.D\A.N.D\A.N.D\Headers\game_strings.h(114,1): warning C4129: '|': unrecognized character escape sequence
C:\Users\darsh\Desktop\A.N.D\A.N.D\A.N.D\Headers\game_strings.h(115,1): warning C4129: '|': unrecognized character escape sequence
C:\Users\darsh\Desktop\A.N.D\A.N.D\A.N.D\Headers\game_strings.h(116,1): warning C4129: '|': unrecognized character escape sequence
C:\Users\darsh\Desktop\A.N.D\A.N.D\A.N.D\Headers\game_strings.h(117,1): warning C4129: '|': unrecognized character escape sequence
C:\Users\darsh\Desktop\A.N.D\A.N.D\A.N.D\Headers\game_strings.h(118,1): warning C4129: '|': unrecognized character escape sequence
C:\Users\darsh\Desktop\A.N.D\A.N.D\A.N.D\Headers\game_strings.h(119,1): warning C4129: '|': unrecognized character escape sequence
C:\Users\darsh\Desktop\A.N.D\A.N.D\A.N.D\Headers\game_strings.h(120,1): warning C4129: '|': unrecognized character escape sequence
C:\Users\darsh\Desktop\A.N.D\A.N.D\A.N.D\Headers\game_strings.h(121,1): warning C4129: '|': unrecognized character escape sequence
C:\Users\darsh\Desktop\A.N.D\A.N.D\A.N.D\Headers\game_strings.h(122,1): warning C4129: '|': unrecognized character escape sequence
C:\Users\darsh\Desktop\A.N.D\A.N.D\A.N.D\Headers\game_strings.h(123,1): warning C4129: '|': unrecognized character escape sequence
C:\Users\darsh\Desktop\A.N.D\A.N.D\A.N.D\Headers\game_strings.h(124,1): warning C4129: '|': unrecognized character escape sequence
C:\Users\darsh\Desktop\A.N.D\A.N.D\A.N.D\Headers\game_strings.h(125,1): warning C4129: '|': unrecognized character escape sequence
C:\Users\darsh\Desktop\A.N.D\A.N.D\A.N.D\Headers\game_strings.h(126,1): warning C4129: '|': unrecognized character escape sequence
C:\Users\darsh\Desktop\A.N.D\A.N.D\A.N.D\Headers\game_strings.h(127,1): warning C4129: '|': unrecognized character escape sequence
C:\Users\darsh\Desktop\A.N.D\A.N.D\A.N.D\Headers\game_strings.h(128,1): warning C4129: '|': unrecognized character escape sequence
C:\Users\darsh\Desktop\A.N.D\A.N.D\A.N.D\Headers\game_strings.h(129,1): warning C4129: '|': unrecognized character escape sequence
C:\Users\darsh\Desktop\A.N.D\A.N.D\A.N.D\Headers\game_strings.h(130,1): warning C4129: '|': unrecognized character escape sequence
C:\Users\darsh\Desktop\A.N.D\A.N.D\A.N.D\Headers\game_strings.h(131,1): warning C4129: '|': unrecognized character escape sequence
C:\Users\darsh\Desktop\A.N.D\A.N.D\A.N.D\Headers\game_strings.h(138,1): warning C4129: '|': unrecognized character escape sequence
C:\Users\darsh\Desktop\A.N.D\A.N.D\A.N.D\Headers\game_strings.h(139,1): warning C4129: '|': unrecognized character escape sequence
C:\Users\darsh\Desktop\A.N.D\A.N.D\A.N.D\Headers\game_strings.h(140,1): warning C4129: '|': unrecognized character escape sequence
C:\Users\darsh\Desktop\A.N.D\A.N.D\A.N.D\Headers\game_strings.h(141,1): warning C4129: '|': unrecognized character escape sequence
C:\Users\darsh\Desktop\A.N.D\A.N.D\A.N.D\Headers\game_strings.h(142,1): warning C4129: '|': unrecognized character escape sequence
C:\Users\darsh\Desktop\A.N.D\A.N.D\A.N.D\Headers\game_strings.h(143,1): warning C4129: '|': unrecognized character escape sequence
C:\Users\darsh\Desktop\A.N.D\A.N.D\A.N.D\Headers\game_strings.h(144,1): warning C4129: '|': unrecognized character escape sequence
C:\Users\darsh\Desktop\A.N.D\A.N.D\A.N.D\Headers\game_strings.h(145,1): warning C4129: '|': unrecognized character escape sequence
C:\Users\darsh\Desktop\A.N.D\A.N.D\A.N.D\Headers\game_strings.h(146,1): warning C4129: '|': unrecognized character escape sequence
C:\Users\darsh\Desktop\A.N.D\A.N.D\A.N.D\Headers\game_strings.h(147,1): warning C4129: '|': unrecognized character escape sequence
C:\Users\darsh\Desktop\A.N.D\A.N.D\A.N.D\Headers\game_strings.h(148,1): warning C4129: '|': unrecognized character escape sequence
C:\Users\darsh\Desktop\A.N.D\A.N.D\A.N.D\Headers\game_strings.h(149,1): warning C4129: '|': unrecognized character escape sequence
C:\Users\darsh\Desktop\A.N.D\A.N.D\A.N.D\Headers\game_strings.h(150,1): warning C4129: '|': unrecognized character escape sequence
C:\Users\darsh\Desktop\A.N.D\A.N.D\A.N.D\Headers\game_strings.h(151,1): warning C4129: '|': unrecognized character escape sequence
C:\Users\darsh\Desktop\A.N.D\A.N.D\A.N.D\Headers\game_strings.h(152,1): warning C4129: '|': unrecognized character escape sequence
C:\Users\darsh\Desktop\A.N.D\A.N.D\A.N.D\Headers\game_strings.h(153,1): warning C4129: '|': unrecognized character escape sequence
C:\Users\darsh\Desktop\A.N.D\A.N.D\A.N.D\Headers\game_strings.h(154,1): warning C4129: '|': unrecognized character escape sequence
C:\Users\darsh\Desktop\A.N.D\A.N.D\A.N.D\Headers\game_strings.h(155,1): warning C4129: '|': unrecognized character escape sequence
C:\Users\darsh\Desktop\A.N.D\A.N.D\A.N.D\Headers\game_strings.h(156,1): warning C4129: '|': unrecognized character escape sequence
C:\Users\darsh\Desktop\A.N.D\A.N.D\A.N.D\Headers\game_strings.h(157,1): warning C4129: '|': unrecognized character escape sequence
C:\Users\darsh\Desktop\A.N.D\A.N.D\A.N.D\Headers\game_strings.h(158,1): warning C4129: '|': unrecognized character escape sequence
C:\Users\darsh\Desktop\A.N.D\A.N.D\A.N.D\Headers\game_strings.h(159,1): warning C4129: '|': unrecognized character escape sequence
C:\Users\darsh\Desktop\A.N.D\A.N.D\A.N.D\Headers\game_strings.h(160,1): warning C4129: '|': unrecognized character escape sequence
C:\Users\darsh\Desktop\A.N.D\A.N.D\A.N.D\Headers\game_strings.h(161,1): warning C4129: '|': unrecognized character escape sequence
C:\Users\darsh\Desktop\A.N.D\A.N.D\A.N.D\Headers\game_strings.h(162,1): warning C4129: '|': unrecognized character escape sequence
C:\Users\darsh\Desktop\A.N.D\A.N.D\A.N.D\Headers\game_strings.h(163,1): warning C4129: '|': unrecognized character escape sequence
C:\Users\darsh\Desktop\A.N.D\A.N.D\A.N.D\Headers\game_strings.h(164,1): warning C4129: '|': unrecognized character escape sequence
C:\Users\darsh\Desktop\A.N.D\A.N.D\A.N.D\Headers\game_strings.h(165,1): warning C4129: '|': unrecognized character escape sequence
C:\Users\darsh\Desktop\A.N.D\A.N.D\A.N.D\Headers\game_strings.h(166,1): warning C4129: '|': unrecognized character escape sequence
C:\Users\darsh\Desktop\A.N.D\A.N.D\A.N.D\Headers\game_strings.h(167,1): warning C4129: '|': unrecognized character escape sequence
C:\Users\darsh\Desktop\A.N.D\A.N.D\A.N.D\Headers\game_strings.h(172,1): warning C4129: '|': unrecognized character escape sequence
C:\Users\darsh\Desktop\A.N.D\A.N.D\A.N.D\Headers\game_strings.h(173,1): warning C4129: '|': unrecognized character escape sequence
C:\Users\darsh\Desktop\A.N.D\A.N.D\A.N.D\Headers\game_strings.h(174,1): warning C4129: '|': unrecognized character escape sequence
C:\Users\darsh\Desktop\A.N.D\A.N.D\A.N.D\Headers\game_strings.h(175,1): warning C4129: '|': unrecognized character escape sequence
C:\Users\darsh\Desktop\A.N.D\A.N.D\A.N.D\Headers\game_strings.h(176,1): warning C4129: '|': unrecognized character escape sequence
C:\Users\darsh\Desktop\A.N.D\A.N.D\A.N.D\Headers\game_strings.h(177,1): warning C4129: '|': unrecognized character escape sequence
C:\Users\darsh\Desktop\A.N.D\A.N.D\A.N.D\Headers\game_strings.h(178,1): warning C4129: '|': unrecognized character escape sequence
C:\Users\darsh\Desktop\A.N.D\A.N.D\A.N.D\Headers\game_strings.h(179,1): warning C4129: '|': unrecognized character escape sequence
C:\Users\darsh\Desktop\A.N.D\A.N.D\A.N.D\Headers\game_strings.h(180,1): warning C4129: '|': unrecognized character escape sequence
C:\Users\darsh\Desktop\A.N.D\A.N.D\A.N.D\Headers\game_strings.h(181,1): warning C4129: '|': unrecognized character escape sequence
C:\Users\darsh\Desktop\A.N.D\A.N.D\A.N.D\Headers\game_strings.h(182,1): warning C4129: '|': unrecognized character escape sequence
C:\Users\darsh\Desktop\A.N.D\A.N.D\A.N.D\Headers\game_strings.h(183,1): warning C4129: '|': unrecognized character escape sequence
C:\Users\darsh\Desktop\A.N.D\A.N.D\A.N.D\Headers\game_strings.h(184,1): warning C4129: '|': unrecognized character escape sequence
C:\Users\darsh\Desktop\A.N.D\A.N.D\A.N.D\Headers\game_strings.h(185,1): warning C4129: '|': unrecognized character escape sequence
C:\Users\darsh\Desktop\A.N.D\A.N.D\A.N.D\Headers\game_strings.h(186,1): warning C4129: '|': unrecognized character escape sequence
C:\Users\darsh\Desktop\A.N.D\A.N.D\A.N.D\Headers\game_strings.h(187,1): warning C4129: '|': unrecognized character escape sequence
C:\Users\darsh\Desktop\A.N.D\A.N.D\A.N.D\Headers\game_strings.h(188,1): warning C4129: '|': unrecognized character escape sequence
C:\Users\darsh\Desktop\A.N.D\A.N.D\A.N.D\Headers\game_strings.h(189,1): warning C4129: '|': unrecognized character escape sequence
C:\Users\darsh\Desktop\A.N.D\A.N.D\A.N.D\Headers\game_strings.h(190,1): warning C4129: '|': unrecognized character escape sequence
C:\Users\darsh\Desktop\A.N.D\A.N.D\A.N.D\Headers\game_strings.h(191,1): warning C4129: '|': unrecognized character escape sequence
C:\Users\darsh\Desktop\A.N.D\A.N.D\A.N.D\Headers\game_strings.h(192,1): warning C4129: '|': unrecognized character escape sequence
C:\Users\darsh\Desktop\A.N.D\A.N.D\A.N.D\Headers\game_strings.h(193,1): warning C4129: '|': unrecognized character escape sequence
C:\Users\darsh\Desktop\A.N.D\A.N.D\A.N.D\Headers\game_strings.h(194,1): warning C4129: '|': unrecognized character escape sequence
C:\Users\darsh\Desktop\A.N.D\A.N.D\A.N.D\Headers\game_strings.h(195,1): warning C4129: '|': unrecognized character escape sequence
C:\Users\darsh\Desktop\A.N.D\A.N.D\A.N.D\Headers\game_strings.h(196,1): warning C4129: '|': unrecognized character escape sequence
C:\Users\darsh\Desktop\A.N.D\A.N.D\A.N.D\Headers\game_strings.h(197,1): warning C4129: '|': unrecognized character escape sequence
C:\Users\darsh\Desktop\A.N.D\A.N.D\A.N.D\Headers\game_strings.h(198,1): warning C4129: '|': unrecognized character escape sequence
C:\Users\darsh\Desktop\A.N.D\A.N.D\A.N.D\Headers\game_strings.h(199,1): warning C4129: '|': unrecognized character escape sequence
C:\Users\darsh\Desktop\A.N.D\A.N.D\A.N.D\Headers\game_strings.h(200,1): warning C4129: '|': unrecognized character escape sequence
C:\Users\darsh\Desktop\A.N.D\A.N.D\A.N.D\Headers\game_strings.h(201,1): warning C4129: '|': unrecognized character escape sequence
C:\Users\darsh\Desktop\A.N.D\A.N.D\A.N.D\Headers\game_strings.h(206,1): warning C4129: '|': unrecognized character escape sequence
C:\Users\darsh\Desktop\A.N.D\A.N.D\A.N.D\Headers\game_strings.h(207,1): warning C4129: '|': unrecognized character escape sequence
C:\Users\darsh\Desktop\A.N.D\A.N.D\A.N.D\Headers\game_strings.h(208,1): warning C4129: '|': unrecognized character escape sequence
C:\Users\darsh\Desktop\A.N.D\A.N.D\A.N.D\Headers\game_strings.h(209,1): warning C4129: '|': unrecognized character escape sequence
C:\Users\darsh\Desktop\A.N.D\A.N.D\A.N.D\Headers\game_strings.h(210,1): warning C4129: '|': unrecognized character escape sequence
C:\Users\darsh\Desktop\A.N.D\A.N.D\A.N.D\Headers\game_strings.h(211,1): warning C4129: '|': unrecognized character escape sequence
C:\Users\darsh\Desktop\A.N.D\A.N.D\A.N.D\Headers\game_strings.h(212,1): warning C4129: '|': unrecognized character escape sequence
C:\Users\darsh\Desktop\A.N.D\A.N.D\A.N.D\Headers\game_strings.h(213,1): warning C4129: '|': unrecognized character escape sequence
C:\Users\darsh\Desktop\A.N.D\A.N.D\A.N.D\Headers\game_strings.h(214,1): warning C4129: '|': unrecognized character escape sequence
C:\Users\darsh\Desktop\A.N.D\A.N.D\A.N.D\Headers\game_strings.h(215,1): warning C4129: '|': unrecognized character escape sequence
C:\Users\darsh\Desktop\A.N.D\A.N.D\A.N.D\Headers\game_strings.h(216,1): warning C4129: '|': unrecognized character escape sequence
C:\Users\darsh\Desktop\A.N.D\A.N.D\A.N.D\Headers\game_strings.h(217,1): warning C4129: '|': unrecognized character escape sequence
C:\Users\darsh\Desktop\A.N.D\A.N.D\A.N.D\Headers\game_strings.h(218,1): warning C4129: '|': unrecognized character escape sequence
C:\Users\darsh\Desktop\A.N.D\A.N.D\A.N.D\Headers\game_strings.h(219,1): warning C4129: '|': unrecognized character escape sequence
C:\Users\darsh\Desktop\A.N.D\A.N.D\A.N.D\Headers\game_strings.h(220,1): warning C4129: '|': unrecognized character escape sequence
C:\Users\darsh\Desktop\A.N.D\A.N.D\A.N.D\Headers\game_strings.h(221,1): warning C4129: '|': unrecognized character escape sequence
C:\Users\darsh\Desktop\A.N.D\A.N.D\A.N.D\Headers\game_strings.h(222,1): warning C4129: '|': unrecognized character escape sequence
C:\Users\darsh\Desktop\A.N.D\A.N.D\A.N.D\Headers\game_strings.h(223,1): warning C4129: '|': unrecognized character escape sequence
C:\Users\darsh\Desktop\A.N.D\A.N.D\A.N.D\Headers\game_strings.h(224,1): warning C4129: '|': unrecognized character escape sequence
C:\Users\darsh\Desktop\A.N.D\A.N.D\A.N.D\Headers\game_strings.h(225,1): warning C4129: '|': unrecognized character escape sequence
C:\Users\darsh\Desktop\A.N.D\A.N.D\A.N.D\Headers\game_strings.h(226,1): warning C4129: '|': unrecognized character escape sequence
C:\Users\darsh\Desktop\A.N.D\A.N.D\A.N.D\Headers\game_strings.h(227,1): warning C4129: '|': unrecognized character escape sequence
C:\Users\darsh\Desktop\A.N.D\A.N.D\A.N.D\Headers\game_strings.h(228,1): warning C4129: '|': unrecognized character escape sequence
C:\Users\darsh\Desktop\A.N.D\A.N.D\A.N.D\Headers\game_strings.h(229,1): warning C4129: '|': unrecognized character escape sequence
C:\Users\darsh\Desktop\A.N.D\A.N.D\A.N.D\Headers\game_strings.h(230,1): warning C4129: '|': unrecognized character escape sequence
C:\Users\darsh\Desktop\A.N.D\A.N.D\A.N.D\Headers\game_strings.h(231,1): warning C4129: '|': unrecognized character escape sequence
C:\Users\darsh\Desktop\A.N.D\A.N.D\A.N.D\Headers\game_strings.h(232,1): warning C4129: '|': unrecognized character escape sequence
C:\Users\darsh\Desktop\A.N.D\A.N.D\A.N.D\Headers\game_strings.h(233,1): warning C4129: '|': unrecognized character escape sequence
C:\Users\darsh\Desktop\A.N.D\A.N.D\A.N.D\Headers\game_strings.h(234,1): warning C4129: '|': unrecognized character escape sequence
C:\Users\darsh\Desktop\A.N.D\A.N.D\A.N.D\Headers\game_strings.h(235,1): warning C4129: '|': unrecognized character escape sequence
C:\Users\darsh\Desktop\A.N.D\A.N.D\A.N.D\Headers\game_strings.h(240,1): warning C4129: '|': unrecognized character escape sequence
C:\Users\darsh\Desktop\A.N.D\A.N.D\A.N.D\Headers\game_strings.h(241,1): warning C4129: '|': unrecognized character escape sequence
C:\Users\darsh\Desktop\A.N.D\A.N.D\A.N.D\Headers\game_strings.h(242,1): warning C4129: '|': unrecognized character escape sequence
C:\Users\darsh\Desktop\A.N.D\A.N.D\A.N.D\Headers\game_strings.h(243,1): warning C4129: '|': unrecognized character escape sequence
C:\Users\darsh\Desktop\A.N.D\A.N.D\A.N.D\Headers\game_strings.h(244,1): warning C4129: '|': unrecognized character escape sequence
C:\Users\darsh\Desktop\A.N.D\A.N.D\A.N.D\Headers\game_strings.h(245,1): warning C4129: '|': unrecognized character escape sequence
C:\Users\darsh\Desktop\A.N.D\A.N.D\A.N.D\Headers\game_strings.h(246,1): warning C4129: '|': unrecognized character escape sequence
C:\Users\darsh\Desktop\A.N.D\A.N.D\A.N.D\Headers\game_strings.h(247,1): warning C4129: '|': unrecognized character escape sequence
C:\Users\darsh\Desktop\A.N.D\A.N.D\A.N.D\Headers\game_strings.h(248,1): warning C4129: '|': unrecognized character escape sequence
C:\Users\darsh\Desktop\A.N.D\A.N.D\A.N.D\Headers\game_strings.h(249,1): warning C4129: '|': unrecognized character escape sequence
C:\Users\darsh\Desktop\A.N.D\A.N.D\A.N.D\Headers\game_strings.h(250,1): warning C4129: '|': unrecognized character escape sequence
C:\Users\darsh\Desktop\A.N.D\A.N.D\A.N.D\Headers\game_strings.h(251,1): warning C4129: '|': unrecognized character escape sequence
C:\Users\darsh\Desktop\A.N.D\A.N.D\A.N.D\Headers\game_strings.h(252,1): warning C4129: '|': unrecognized character escape sequence
C:\Users\darsh\Desktop\A.N.D\A.N.D\A.N.D\Headers\game_strings.h(253,1): warning C4129: '|': unrecognized character escape sequence
C:\Users\darsh\Desktop\A.N.D\A.N.D\A.N.D\Headers\game_strings.h(254,1): warning C4129: '|': unrecognized character escape sequence
C:\Users\darsh\Desktop\A.N.D\A.N.D\A.N.D\Headers\game_strings.h(255,1): warning C4129: '|': unrecognized character escape sequence
C:\Users\darsh\Desktop\A.N.D\A.N.D\A.N.D\Headers\game_strings.h(256,1): warning C4129: '|': unrecognized character escape sequence
C:\Users\darsh\Desktop\A.N.D\A.N.D\A.N.D\Headers\game_strings.h(257,1): warning C4129: '|': unrecognized character escape sequence
C:\Users\darsh\Desktop\A.N.D\A.N.D\A.N.D\Headers\game_strings.h(258,1): warning C4129: '|': unrecognized character escape sequence
C:\Users\darsh\Desktop\A.N.D\A.N.D\A.N.D\Headers\game_strings.h(259,1): warning C4129: '|': unrecognized character escape sequence
C:\Users\darsh\Desktop\A.N.D\A.N.D\A.N.D\Headers\game_strings.h(260,1): warning C4129: '|': unrecognized character escape sequence
C:\Users\darsh\Desktop\A.N.D\A.N.D\A.N.D\Headers\game_strings.h(261,1): warning C4129: '|': unrecognized character escape sequence
C:\Users\darsh\Desktop\A.N.D\A.N.D\A.N.D\Headers\game_strings.h(262,1): warning C4129: '|': unrecognized character escape sequence
C:\Users\darsh\Desktop\A.N.D\A.N.D\A.N.D\Headers\game_strings.h(263,1): warning C4129: '|': unrecognized character escape sequence
C:\Users\darsh\Desktop\A.N.D\A.N.D\A.N.D\Headers\game_strings.h(264,1): warning C4129: '|': unrecognized character escape sequence
C:\Users\darsh\Desktop\A.N.D\A.N.D\A.N.D\Headers\game_strings.h(265,1): warning C4129: '|': unrecognized character escape sequence
C:\Users\darsh\Desktop\A.N.D\A.N.D\A.N.D\Headers\game_strings.h(266,1): warning C4129: '|': unrecognized character escape sequence
C:\Users\darsh\Desktop\A.N.D\A.N.D\A.N.D\Headers\game_strings.h(267,1): warning C4129: '|': unrecognized character escape sequence
C:\Users\darsh\Desktop\A.N.D\A.N.D\A.N.D\Headers\game_strings.h(268,1): warning C4129: '|': unrecognized character escape sequence
C:\Users\darsh\Desktop\A.N.D\A.N.D\A.N.D\Headers\game_strings.h(269,1): warning C4129: '|': unrecognized character escape sequence
C:\Users\darsh\Desktop\A.N.D\A.N.D\A.N.D\Headers\game_strings.h(274,2): warning C4129: '|': unrecognized character escape sequence
C:\Users\darsh\Desktop\A.N.D\A.N.D\A.N.D\Headers\game_strings.h(275,2): warning C4129: '|': unrecognized character escape sequence
C:\Users\darsh\Desktop\A.N.D\A.N.D\A.N.D\Headers\game_strings.h(279,2): warning C4129: '|': unrecognized character escape sequence
C:\Users\darsh\Desktop\A.N.D\A.N.D\A.N.D\Headers\game_strings.h(280,2): warning C4129: '|': unrecognized character escape sequence
C:\Users\darsh\Desktop\A.N.D\A.N.D\A.N.D\Headers\game_strings.h(284,1): warning C4129: '|': unrecognized character escape sequence
C:\Users\darsh\Desktop\A.N.D\A.N.D\A.N.D\Headers\game_strings.h(285,1): warning C4129: '|': unrecognized character escape sequence
C:\Users\darsh\Desktop\A.N.D\A.N.D\A.N.D\Headers\game_core.h(1,9): warning C4068: unknown pragma 'onc'
C:\Users\darsh\Desktop\A.N.D\A.N.D\A.N.D\game_core.cpp(45,46): warning C4267: 'argument': conversion from 'size_t' to 'core::CharPosition', possible loss of data
C:\Users\darsh\Desktop\A.N.D\A.N.D\A.N.D\game_core.cpp(82,3): warning C4129: '|': unrecognized character escape sequence
C:\Users\darsh\Desktop\A.N.D\A.N.D\A.N.D\game_core.cpp(83,3): warning C4129: '|': unrecognized character escape sequence
C:\Users\darsh\Desktop\A.N.D\A.N.D\A.N.D\game_core.cpp(120,3): warning C4129: '|': unrecognized character escape sequence
C:\Users\darsh\Desktop\A.N.D\A.N.D\A.N.D\game_core.cpp(121,3): warning C4129: '|': unrecognized character escape sequence
C:\Users\darsh\Desktop\A.N.D\A.N.D\A.N.D\game_core.cpp(1067,5): warning C4129: '|': unrecognized character escape sequence
C:\Users\darsh\Desktop\A.N.D\A.N.D\A.N.D\game_core.cpp(1068,5): warning C4129: '|': unrecognized character escape sequence
C:\Users\darsh\Desktop\A.N.D\A.N.D\A.N.D\game_core.cpp(1073,5): warning C4129: '|': unrecognized character escape sequence
C:\Users\darsh\Desktop\A.N.D\A.N.D\A.N.D\game_core.cpp(1074,5): warning C4129: '|': unrecognized character escape sequence
C:\Users\darsh\Desktop\A.N.D\A.N.D\A.N.D\game_core.cpp(1079,5): warning C4129: '|': unrecognized character escape sequence
C:\Users\darsh\Desktop\A.N.D\A.N.D\A.N.D\game_core.cpp(1080,5): warning C4129: '|': unrecognized character escape sequence
C:\Users\darsh\Desktop\A.N.D\A.N.D\A.N.D\game_core.cpp(1093,5): warning C4129: '|': unrecognized character escape sequence
C:\Users\darsh\Desktop\A.N.D\A.N.D\A.N.D\game_core.cpp(1094,5): warning C4129: '|': unrecognized character escape sequence
C:\Users\darsh\Desktop\A.N.D\A.N.D\A.N.D\game_core.cpp(1099,5): warning C4129: '|': unrecognized character escape sequence
C:\Users\darsh\Desktop\A.N.D\A.N.D\A.N.D\game_core.cpp(1100,5): warning C4129: '|': unrecognized character escape sequence
C:\Users\darsh\Desktop\A.N.D\A.N.D\A.N.D\game_core.cpp(1105,5): warning C4129: '|': unrecognized character escape sequence
C:\Users\darsh\Desktop\A.N.D\A.N.D\A.N.D\game_core.cpp(1106,5): warning C4129: '|': unrecognized character escape sequence
C:\Users\darsh\Desktop\A.N.D\A.N.D\A.N.D\shuffler.cpp(17,19): warning C4244: 'initializing': conversion from '_Rep' to 'unsigned int', possible loss of data
          with
          [
              _Rep=std::chrono::system_clock::rep
          ]
C:\Users\darsh\Desktop\A.N.D\A.N.D\A.N.D\shuffler.cpp(14): message : while compiling class template member function 'void Shuffler<std::pair<core::Question,int>>::shuffle(void)'
C:\Users\darsh\Desktop\A.N.D\A.N.D\A.N.D\game_core.cpp(229): message : see reference to function template instantiation 'void Shuffler<std::pair<core::Question,int>>::shuffle(void)' being compiled
C:\Users\darsh\Desktop\A.N.D\A.N.D\A.N.D\game_core.cpp(228): message : see reference to class template instantiation 'Shuffler<std::pair<core::Question,int>>' being compiled
C:\Users\darsh\Desktop\A.N.D\A.N.D\A.N.D\game_core.cpp(902): warning C4715: 'core::replaceCharInString': not all control paths return a value
  A.N.D.vcxproj -> C:\Users\darsh\Desktop\A.N.D\A.N.D\x64\Debug\A.N.D.exe
